<?xml version="1.0" encoding="UTF-8"?>
<!-- Generated by org.testng.reporters.JUnitReportReporter -->
<testsuite skipped="0" hostname="DESKTOP-A8RCGSQ" name="com.revature.runner.TestRunner" tests="4" failures="0" timestamp="2022-08-07T19:16:52 EDT" time="30.652" errors="0">
  <testcase name="runScenario" time="6.690" classname="com.revature.runner.TestRunner"/>
  <system-out/>
  <testcase name="runScenario" time="10.434" classname="com.revature.runner.TestRunner"/>
  <system-out/>
  <testcase name="runScenario" time="6.907" classname="com.revature.runner.TestRunner"/>
  <system-out/>
  <testcase name="runScenario" time="6.621" classname="com.revature.runner.TestRunner"/>
  <system-out/>
</testsuite> <!-- com.revature.runner.TestRunner -->
